\BOOKMARK [-1][-]{part.1}{Spezifikation}{}% 1
\BOOKMARK [0][-]{chapter.1}{Beschreibung des Programmablaufs}{part.1}% 2
\BOOKMARK [0][-]{chapter.2}{Datenmodell der Metadaten}{part.1}% 3
\BOOKMARK [0][-]{chapter.3}{Anforderungen}{part.1}% 4
\BOOKMARK [1][-]{section.3.1}{Crawlermodul}{chapter.3}% 5
\BOOKMARK [2][-]{subsection.3.1.1}{Steuerung}{section.3.1}% 6
\BOOKMARK [2][-]{subsection.3.1.2}{Ausf\374hrung des Crawlvorgangs}{section.3.1}% 7
\BOOKMARK [2][-]{subsection.3.1.3}{Filter}{section.3.1}% 8
\BOOKMARK [1][-]{section.3.2}{Archiv}{chapter.3}% 9
\BOOKMARK [2][-]{subsection.3.2.1}{Aufteilung}{section.3.2}% 10
\BOOKMARK [2][-]{subsection.3.2.2}{Versionierung}{section.3.2}% 11
\BOOKMARK [2][-]{subsection.3.2.3}{Synchronisation}{section.3.2}% 12
\BOOKMARK [2][-]{subsection.3.2.4}{Dateisystem}{section.3.2}% 13
\BOOKMARK [2][-]{subsection.3.2.5}{Komprimierung}{section.3.2}% 14
\BOOKMARK [1][-]{section.3.3}{Programmierschnittstelle - Java-Client/Server}{chapter.3}% 15
\BOOKMARK [2][-]{subsection.3.3.1}{Schnittstelle - Client}{section.3.3}% 16
\BOOKMARK [2][-]{subsection.3.3.2}{Metadatenklasse}{section.3.3}% 17
\BOOKMARK [2][-]{subsection.3.3.3}{Server}{section.3.3}% 18
\BOOKMARK [1][-]{section.3.4}{Test Analysetool}{chapter.3}% 19
\BOOKMARK [1][-]{section.3.5}{Datenbank}{chapter.3}% 20
\BOOKMARK [2][-]{subsection.3.5.1}{Zugriff}{section.3.5}% 21
\BOOKMARK [2][-]{subsection.3.5.2}{Aktualisierung}{section.3.5}% 22
\BOOKMARK [2][-]{subsection.3.5.3}{Wiederherstellung}{section.3.5}% 23
\BOOKMARK [1][-]{section.3.6}{XML-Dateien}{chapter.3}% 24
\BOOKMARK [0][-]{chapter.4}{Entwicklungsumgebung}{part.1}% 25
\BOOKMARK [1][-]{section.4.1}{Programmiersprachen}{chapter.4}% 26
\BOOKMARK [2][-]{subsection.4.1.1}{Python}{section.4.1}% 27
\BOOKMARK [2][-]{subsection.4.1.2}{Java}{section.4.1}% 28
\BOOKMARK [1][-]{section.4.2}{Dokumentation}{chapter.4}% 29
\BOOKMARK [1][-]{section.4.3}{Teamsynchronisation}{chapter.4}% 30
\BOOKMARK [1][-]{section.4.4}{Sprache}{chapter.4}% 31
