\BOOKMARK [0][-]{chapter.1}{Commandlineinterface}{}% 1
\BOOKMARK [1][-]{section.1.1}{Quick-Reference}{chapter.1}% 2
\BOOKMARK [1][-]{section.1.2}{Additional Notes}{chapter.1}% 3
\BOOKMARK [1][-]{section.1.3}{Implementation}{chapter.1}% 4
\BOOKMARK [0][-]{chapter.2}{Python to Java Interface \(aka Javadapter\)}{}% 5
\BOOKMARK [1][-]{section.2.1}{Description}{chapter.2}% 6
\BOOKMARK [1][-]{section.2.2}{List of commands}{chapter.2}% 7
\BOOKMARK [1][-]{section.2.3}{Implementation}{chapter.2}% 8
\BOOKMARK [0][-]{chapter.3}{Git-Handling}{}% 9
\BOOKMARK [1][-]{section.3.1}{Overview}{chapter.3}% 10
\BOOKMARK [1][-]{section.3.2}{Implementation}{chapter.3}% 11
\BOOKMARK [0][-]{chapter.4}{Database Generation}{}% 12
\BOOKMARK [1][-]{section.4.1}{Overview}{chapter.4}% 13
\BOOKMARK [1][-]{section.4.2}{Implementation}{chapter.4}% 14
\BOOKMARK [0][-]{chapter.5}{Recovering of the Database}{}% 15
\BOOKMARK [1][-]{section.5.1}{Strategies}{chapter.5}% 16
\BOOKMARK [1][-]{section.5.2}{Implementation}{chapter.5}% 17
\BOOKMARK [0][-]{chapter.6}{Indices and tables}{}% 18
\BOOKMARK [0][-]{section*.49}{Python Module Index}{}% 19
\BOOKMARK [0][-]{section*.50}{Index}{}% 20
